<?xml version="1.0" encoding="UTF-8"?>
<!-- Generated by org.testng.reporters.JUnitReportReporter -->
<testsuite hostname="LAPTOP-K0LI2MJN" failures="0" tests="2" name="AmazonPortal.GoogleSearchTest" time="28.668" errors="0" timestamp="2022-05-17T18:31:12 PDT" skipped="0">
  <testcase classname="AmazonPortal.GoogleSearchTest" name="searchAndSelectProduct" time="22.413"/>
  <system-out/>
  <testcase classname="AmazonPortal.GoogleSearchTest" name="amazonSearch" time="6.255"/>
  <system-out/>
</testsuite> <!-- AmazonPortal.GoogleSearchTest -->
